<?xml version="1.0" encoding="UTF-8"?>
<!-- Generated by org.testng.reporters.JUnitReportReporter -->
<testsuite hostname="LTIN283332" failures="0" tests="4" name="testRunner.TestRunner" time="309.565" errors="0" timestamp="2024-02-13T21:19:23 IST" skipped="0">
  <testcase classname="testRunner.TestRunner" name="runScenario" time="17.888"/>
  <testcase classname="testRunner.TestRunner" name="runScenario" time="10.504"/>
  <testcase classname="testRunner.TestRunner" name="runScenario" time="247.961"/>
  <testcase classname="testRunner.TestRunner" name="runScenario" time="33.212"/>
</testsuite> <!-- testRunner.TestRunner -->
